This is pdfTeX, Version 3.141592653-2.6-1.40.27 (TeX Live 2025/Termux) (preloaded format=pdflatex 2026.2.21)  21 FEB 2026 16:08
entering extended mode
 restricted \write18 enabled.
 %&-line parsing enabled.
**taller3.tex
(./taller3.tex
LaTeX2e <2025-11-01>
L3 programming layer <2026-01-19>

(/data/data/com.termux/files/usr/share/texlive/2025/texmf-dist/tex/latex/base/a
rticle.cls
Document Class: article 2025/01/22 v1.4n Standard LaTeX document class

(/data/data/com.termux/files/usr/share/texlive/2025/texmf-dist/tex/latex/base/s
ize12.clo
File: size12.clo 2025/01/22 v1.4n Standard LaTeX file (size option)
)
\c@part=\count275
\c@section=\count276
\c@subsection=\count277
\c@subsubsection=\count278
\c@paragraph=\count279
\c@subparagraph=\count280
\c@figure=\count281
\c@table=\count282
\abovecaptionskip=\skip49
\belowcaptionskip=\skip50
\bibindent=\dimen148
)
(/data/data/com.termux/files/usr/share/texlive/2025/texmf-dist/tex/generic/babe
l/babel.sty
Package: babel 2026/02/14 v26.3 The multilingual framework for LuaLaTeX, pdfLaT
eX and XeLaTeX
\babel@savecnt=\count283
LaTeX Encoding Info:    Redeclaring text command \ij (encoding OT1) on input li
ne 2078.
LaTeX Encoding Info:    Redeclaring text command \IJ (encoding OT1) on input li
ne 2080.
LaTeX Encoding Info:    Redeclaring text command \ij (encoding T1) on input lin
e 2082.
LaTeX Encoding Info:    Redeclaring text command \IJ (encoding T1) on input lin
e 2083.
LaTeX Encoding Info:    Ignoring declaration for text command \ij (encoding ?) 
on input line 2084.
LaTeX Encoding Info:    Ignoring declaration for text command \IJ (encoding ?) 
on input line 2086.
LaTeX Encoding Info:    Ignoring declaration for text command \SS (encoding ?) 
on input line 2111.
\U@D=\dimen149
\l@unhyphenated=\language90

(/data/data/com.termux/files/usr/share/texlive/2025/texmf-dist/tex/generic/babe
l/txtbabel.def)
\bbl@readstream=\read2
\bbl@dirlevel=\count284

(/data/data/com.termux/files/usr/share/texlive/2025/texmf-dist/tex/generic/babe
l/locale/es/babel-spanish.tex)
Package babel Info: Importing font and identification data for spanish
(babel)             from babel-es.ini. Reported on input line 4330.

(/data/data/com.termux/files/usr/share/texlive/2025/texmf-dist/tex/generic/babe
l-spanish/spanish.ldf
Language: spanish.ldf 2021/05/27 v5.0q Spanish support from the babel system
\es@quottoks=\toks17
\es@quotdepth=\count285
Package babel Info: Making " an active character on input line 570.
Package babel Info: Making . an active character on input line 675.
Package babel Info: Making < an active character on input line 722.
Package babel Info: Making > an active character on input line 722.
))
LaTeX Encoding Info:    Redeclaring text command \guillemotleft (encoding OT1) 
on input line 3.
LaTeX Encoding Info:    Redeclaring text command \guillemotright (encoding OT1)
 on input line 3.

(/data/data/com.termux/files/usr/share/texlive/2025/texmf-dist/tex/latex/amsfon
ts/amssymb.sty
Package: amssymb 2013/01/14 v3.01 AMS font symbols

(/data/data/com.termux/files/usr/share/texlive/2025/texmf-dist/tex/latex/amsfon
ts/amsfonts.sty
Package: amsfonts 2013/01/14 v3.01 Basic AMSFonts support
\@emptytoks=\toks18
\symAMSa=\mathgroup4
\symAMSb=\mathgroup5
LaTeX Font Info:    Redeclaring math symbol \hbar on input line 98.
LaTeX Font Info:    Overwriting math alphabet `\mathfrak' in version `bold'
(Font)                  U/euf/m/n --> U/euf/b/n on input line 106.
))
(/data/data/com.termux/files/usr/share/texlive/2025/texmf-dist/tex/latex/enumit
em/enumitem.sty
Package: enumitem 2025/02/06 v3.11 Customized lists
\enitkv@toks@=\toks19
\labelindent=\skip51
\enit@outerparindent=\dimen150
\enit@toks=\toks20
\enit@inbox=\box53
\enit@count@id=\count286
\enitdp@description=\count287
)
(/data/data/com.termux/files/usr/share/texlive/2025/texmf-dist/tex/latex/fancyh
dr/fancyhdr.sty
Package: fancyhdr 2025/02/07 v5.2 Extensive control of page headers and footers

\f@nch@headwidth=\skip52
\f@nch@offset@elh=\skip53
\f@nch@offset@erh=\skip54
\f@nch@offset@olh=\skip55
\f@nch@offset@orh=\skip56
\f@nch@offset@elf=\skip57
\f@nch@offset@erf=\skip58
\f@nch@offset@olf=\skip59
\f@nch@offset@orf=\skip60
\f@nch@height=\skip61
\f@nch@footalignment=\skip62
\f@nch@widthL=\skip63
\f@nch@widthC=\skip64
\f@nch@widthR=\skip65
\@temptokenb=\toks21
)
(/data/data/com.termux/files/usr/share/texlive/2025/texmf-dist/tex/latex/amsmat
h/amsmath.sty
Package: amsmath 2025/07/09 v2.17z AMS math features
\@mathmargin=\skip66

For additional information on amsmath, use the `?' option.

(/data/data/com.termux/files/usr/share/texlive/2025/texmf-dist/tex/latex/amsmat
h/amstext.sty
Package: amstext 2024/11/17 v2.01 AMS text

(/data/data/com.termux/files/usr/share/texlive/2025/texmf-dist/tex/latex/amsmat
h/amsgen.sty
File: amsgen.sty 1999/11/30 v2.0 generic functions
\@emptytoks=\toks22
\ex@=\dimen151
))
(/data/data/com.termux/files/usr/share/texlive/2025/texmf-dist/tex/latex/amsmat
h/amsbsy.sty
Package: amsbsy 1999/11/29 v1.2d Bold Symbols
\pmbraise@=\dimen152
)
(/data/data/com.termux/files/usr/share/texlive/2025/texmf-dist/tex/latex/amsmat
h/amsopn.sty
Package: amsopn 2022/04/08 v2.04 operator names
)
\inf@bad=\count288
LaTeX Info: Redefining \frac on input line 233.
\uproot@=\count289
\leftroot@=\count290
LaTeX Info: Redefining \overline on input line 398.
LaTeX Info: Redefining \colon on input line 409.
\classnum@=\count291
\DOTSCASE@=\count292
LaTeX Info: Redefining \ldots on input line 495.
LaTeX Info: Redefining \dots on input line 498.
LaTeX Info: Redefining \cdots on input line 619.
\Mathstrutbox@=\box54
\strutbox@=\box55
LaTeX Info: Redefining \big on input line 721.
LaTeX Info: Redefining \Big on input line 722.
LaTeX Info: Redefining \bigg on input line 723.
LaTeX Info: Redefining \Bigg on input line 724.
\big@size=\dimen153
LaTeX Font Info:    Redeclaring font encoding OML on input line 742.
LaTeX Font Info:    Redeclaring font encoding OMS on input line 743.
\macc@depth=\count293
LaTeX Info: Redefining \bmod on input line 904.
LaTeX Info: Redefining \pmod on input line 909.
LaTeX Info: Redefining \smash on input line 939.
LaTeX Info: Redefining \relbar on input line 969.
LaTeX Info: Redefining \Relbar on input line 970.
\c@MaxMatrixCols=\count294
\dotsspace@=\muskip17
\c@parentequation=\count295
\dspbrk@lvl=\count296
\tag@help=\toks23
\row@=\count297
\column@=\count298
\maxfields@=\count299
\andhelp@=\toks24
\eqnshift@=\dimen154
\alignsep@=\dimen155
\tagshift@=\dimen156
\tagwidth@=\dimen157
\totwidth@=\dimen158
\lineht@=\dimen159
\@envbody=\toks25
\multlinegap=\skip67
\multlinetaggap=\skip68
\mathdisplay@stack=\toks26
LaTeX Info: Redefining \[ on input line 2950.
LaTeX Info: Redefining \] on input line 2951.
)
(/data/data/com.termux/files/usr/share/texlive/2025/texmf-dist/tex/latex/l3back
end/l3backend-pdftex.def
File: l3backend-pdftex.def 2025-10-09 L3 backend support: PDF output (pdfTeX)
\l__color_backend_stack_int=\count300
) (./taller3.aux
LaTeX Info: Redefining \. on input line 8.
LaTeX Info: Redefining \% on input line 8.
Package babel Info: 'spanish' activates 'spanish' shorthands.
(babel)             Reported on input line 8.
)
\openout1 = `taller3.aux'.

LaTeX Font Info:    Checking defaults for OML/cmm/m/it on input line 19.
LaTeX Font Info:    ... okay on input line 19.
LaTeX Font Info:    Checking defaults for OMS/cmsy/m/n on input line 19.
LaTeX Font Info:    ... okay on input line 19.
LaTeX Font Info:    Checking defaults for OT1/cmr/m/n on input line 19.
LaTeX Font Info:    ... okay on input line 19.
LaTeX Font Info:    Checking defaults for T1/cmr/m/n on input line 19.
LaTeX Font Info:    ... okay on input line 19.
LaTeX Font Info:    Checking defaults for TS1/cmr/m/n on input line 19.
LaTeX Font Info:    ... okay on input line 19.
LaTeX Font Info:    Checking defaults for OMX/cmex/m/n on input line 19.
LaTeX Font Info:    ... okay on input line 19.
LaTeX Font Info:    Checking defaults for U/cmr/m/n on input line 19.
LaTeX Font Info:    ... okay on input line 19.
LaTeX Info: Redefining \. on input line 19.
LaTeX Info: Redefining \% on input line 19.
LaTeX Font Info:    Trying to load font information for U+msa on input line 21.


(/data/data/com.termux/files/usr/share/texlive/2025/texmf-dist/tex/latex/amsfon
ts/umsa.fd
File: umsa.fd 2013/01/14 v3.01 AMS symbols A
)
LaTeX Font Info:    Trying to load font information for U+msb on input line 21.


(/data/data/com.termux/files/usr/share/texlive/2025/texmf-dist/tex/latex/amsfon
ts/umsb.fd
File: umsb.fd 2013/01/14 v3.01 AMS symbols B
) [1

{/data/data/com.termux/files/usr/share/texlive/2025/texmf-var/fonts/map/pdftex/
updmap/pdftex.map}]
Underfull \hbox (badness 10000) in paragraph at lines 44--46

 []


Underfull \hbox (badness 10000) in paragraph at lines 51--53

 []

[2]
Underfull \hbox (badness 10000) in paragraph at lines 74--76

 []


Underfull \hbox (badness 10000) in paragraph at lines 81--83

 []


Underfull \hbox (badness 10000) in paragraph at lines 93--95

 []

[3]
Underfull \hbox (badness 10000) in paragraph at lines 106--108

 []

[4] [5] (./taller3.aux
LaTeX Info: Redefining \. on input line 8.
LaTeX Info: Redefining \% on input line 8.
)
 ***********
LaTeX2e <2025-11-01>
L3 programming layer <2026-01-19>
 ***********
 ) 
Here is how much of TeX's memory you used:
 3863 strings out of 467533
 62080 string characters out of 5405421
 489109 words of memory out of 5000000
 32784 multiletter control sequences out of 15000+600000
 635870 words of font info for 72 fonts, out of 8000000 for 9000
 1141 hyphenation exceptions out of 8191
 56i,12n,65p,203b,434s stack positions out of 10000i,1000n,20000p,200000b,200000s
</data/data/com.termux/files/usr/share/texlive/2025/texmf-dist/fonts/type1/pu
blic/amsfonts/cm/cmbx12.pfb></data/data/com.termux/files/usr/share/texlive/2025
/texmf-dist/fonts/type1/public/amsfonts/cm/cmex10.pfb></data/data/com.termux/fi
les/usr/share/texlive/2025/texmf-dist/fonts/type1/public/amsfonts/cm/cmmi12.pfb
></data/data/com.termux/files/usr/share/texlive/2025/texmf-dist/fonts/type1/pub
lic/amsfonts/cm/cmmi8.pfb></data/data/com.termux/files/usr/share/texlive/2025/t
exmf-dist/fonts/type1/public/amsfonts/cm/cmr12.pfb></data/data/com.termux/files
/usr/share/texlive/2025/texmf-dist/fonts/type1/public/amsfonts/cm/cmr17.pfb></d
ata/data/com.termux/files/usr/share/texlive/2025/texmf-dist/fonts/type1/public/
amsfonts/cm/cmr6.pfb></data/data/com.termux/files/usr/share/texlive/2025/texmf-
dist/fonts/type1/public/amsfonts/cm/cmr8.pfb></data/data/com.termux/files/usr/s
hare/texlive/2025/texmf-dist/fonts/type1/public/amsfonts/cm/cmsy10.pfb></data/d
ata/com.termux/files/usr/share/texlive/2025/texmf-dist/fonts/type1/public/amsfo
nts/cm/cmsy8.pfb></data/data/com.termux/files/usr/share/texlive/2025/texmf-dist
/fonts/type1/public/amsfonts/symbols/msam10.pfb>
Output written on taller3.pdf (5 pages, 109440 bytes).
PDF statistics:
 75 PDF objects out of 1000 (max. 8388607)
 45 compressed objects within 1 object stream
 0 named destinations out of 1000 (max. 500000)
 1 words of extra memory for PDF output out of 10000 (max. 10000000)

